SF:C:\Users\iago\Documents\project\Product-API-DDD\Dominio\Produtos\Servicos\ProdutosServico.cs
FN:14,Dominio.Produtos.Entidades.Produto Dominio.Produtos.Servicos.ProdutosServico::InserirProduto(Dominio.Produtos.Entidades.Produto)
FNDA:1,Dominio.Produtos.Entidades.Produto Dominio.Produtos.Servicos.ProdutosServico::InserirProduto(Dominio.Produtos.Entidades.Produto)
DA:15,1
DA:16,1
DA:17,1
DA:18,1
FN:20,Dominio.Produtos.Entidades.Produto Dominio.Produtos.Servicos.ProdutosServico::Instanciar(System.String,System.Decimal)
FNDA:1,Dominio.Produtos.Entidades.Produto Dominio.Produtos.Servicos.ProdutosServico::Instanciar(System.String,System.Decimal)
DA:21,1
DA:22,1
DA:23,1
DA:24,1
FN:26,Dominio.Produtos.Entidades.Produto Dominio.Produtos.Servicos.ProdutosServico::Validar(System.Int32)
FNDA:2,Dominio.Produtos.Entidades.Produto Dominio.Produtos.Servicos.ProdutosServico::Validar(System.Int32)
DA:27,2
DA:28,2
DA:29,2
DA:30,1
DA:31,1
DA:33,1
DA:34,1
BRDA:29,20,0,1
BRDA:29,20,1,1
FN:9,System.Void Dominio.Produtos.Servicos.ProdutosServico::.ctor(Dominio.Produtos.Repositorios.IProdutosRepositorio)
FNDA:4,System.Void Dominio.Produtos.Servicos.ProdutosServico::.ctor(Dominio.Produtos.Repositorios.IProdutosRepositorio)
DA:10,4
DA:11,4
DA:12,4
DA:13,4
LF:19
LH:19
BRF:2
BRH:2
FNF:4
FNH:4
end_of_record
SF:C:\Users\iago\Documents\project\Product-API-DDD\Dominio\Produtos\Entidades\Produto.cs
FN:9,System.Int32 Dominio.Produtos.Entidades.Produto::get_Id()
FNDA:24,System.Int32 Dominio.Produtos.Entidades.Produto::get_Id()
DA:10,24
FN:10,System.String Dominio.Produtos.Entidades.Produto::get_Nome()
FNDA:31,System.String Dominio.Produtos.Entidades.Produto::get_Nome()
DA:11,31
FN:11,System.Decimal Dominio.Produtos.Entidades.Produto::get_Valor()
FNDA:31,System.Decimal Dominio.Produtos.Entidades.Produto::get_Valor()
DA:12,31
FN:12,System.DateTime Dominio.Produtos.Entidades.Produto::get_Validade()
FNDA:30,System.DateTime Dominio.Produtos.Entidades.Produto::get_Validade()
DA:13,30
FN:24,System.Void Dominio.Produtos.Entidades.Produto::SetNome(System.String)
FNDA:6,System.Void Dominio.Produtos.Entidades.Produto::SetNome(System.String)
DA:25,6
DA:26,6
DA:27,3
DA:28,3
DA:30,3
DA:31,3
BRDA:26,9,0,3
BRDA:26,9,1,3
FN:32,System.Void Dominio.Produtos.Entidades.Produto::SetValor(System.Decimal)
FNDA:5,System.Void Dominio.Produtos.Entidades.Produto::SetValor(System.Decimal)
DA:33,5
DA:34,5
DA:35,2
DA:36,2
DA:38,3
DA:39,3
BRDA:34,14,0,2
BRDA:34,14,1,3
FN:40,System.Void Dominio.Produtos.Entidades.Produto::SetValidade()
FNDA:3,System.Void Dominio.Produtos.Entidades.Produto::SetValidade()
DA:41,3
DA:42,3
DA:43,3
FN:14,System.Void Dominio.Produtos.Entidades.Produto::.ctor()
FNDA:45,System.Void Dominio.Produtos.Entidades.Produto::.ctor()
DA:15,45
FN:16,System.Void Dominio.Produtos.Entidades.Produto::.ctor(System.String,System.Decimal)
FNDA:2,System.Void Dominio.Produtos.Entidades.Produto::.ctor(System.String,System.Decimal)
DA:17,2
DA:18,2
DA:19,2
DA:20,2
DA:21,2
DA:22,2
LF:26
LH:26
BRF:4
BRH:4
FNF:9
FNH:9
end_of_record